00:36:44.562 [AWT-EventQueue-0] INFO  c.b.actions.EnableBrowserStack - Setting enable browserstack run update
00:36:44.581 [AWT-EventQueue-0] INFO  c.b.actions.DisableBrowserStack - Setting disable browserstack run update
00:36:54.748 [AWT-EventQueue-0] INFO  c.b.actions.DisableBrowserStack - Setting disable browserstack run update
00:36:54.762 [AWT-EventQueue-0] INFO  c.b.actions.EnableBrowserStack - Setting enable browserstack run update
00:37:27.850 [AWT-EventQueue-0] INFO  c.b.launchers.LaunchMavenCommand - Integrate source: java:intellij:v1.1.6
00:37:27.851 [AWT-EventQueue-0] INFO  c.b.launchers.LaunchMavenCommand - Executing maven archetype command - browserstack-sdk-archetype-integrate
00:37:27.994 [ApplicationImpl pooled thread 13] INFO  c.b.l.BrowserStackRunExtension - maven
00:37:27.994 [ApplicationImpl pooled thread 13] INFO  com.browserstack.utils.Helpers - null
00:37:58.018 [java.exe] INFO  c.b.launchers.LaunchMavenCommand - Completed maven archetype command
00:40:38.571 [ApplicationImpl pooled thread 16] INFO  c.b.l.BrowserStackRunExtension - testng
00:40:38.571 [ApplicationImpl pooled thread 16] INFO  com.browserstack.utils.Helpers - true
00:40:38.573 [ApplicationImpl pooled thread 16] INFO  com.browserstack.utils.Helpers - C:/Users/Student/.m2/repository/com/browserstack/browserstack-java-sdk/1.29.3/browserstack-java-sdk-1.29.3.jar
00:40:38.573 [ApplicationImpl pooled thread 16] INFO  c.b.l.BrowserStackRunExtension - Agent path: C:/Users/Student/.m2/repository/com/browserstack/browserstack-java-sdk/1.29.3/browserstack-java-sdk-1.29.3.jar
00:40:38.573 [ApplicationImpl pooled thread 16] INFO  c.b.l.BrowserStackRunExtension - Adding Browserstack SDK javaagent argline
00:40:38.573 [ApplicationImpl pooled thread 16] INFO  c.b.l.BrowserStackRunExtension - Plugin version: v1.1.6
00:45:03.650 [ApplicationImpl pooled thread 21] INFO  c.b.l.BrowserStackRunExtension - testng
00:45:03.651 [ApplicationImpl pooled thread 21] INFO  com.browserstack.utils.Helpers - true
00:45:03.652 [ApplicationImpl pooled thread 21] INFO  com.browserstack.utils.Helpers - C:/Users/Student/.m2/repository/com/browserstack/browserstack-java-sdk/1.29.3/browserstack-java-sdk-1.29.3.jar
00:45:03.652 [ApplicationImpl pooled thread 21] INFO  c.b.l.BrowserStackRunExtension - Agent path: C:/Users/Student/.m2/repository/com/browserstack/browserstack-java-sdk/1.29.3/browserstack-java-sdk-1.29.3.jar
00:45:03.652 [ApplicationImpl pooled thread 21] INFO  c.b.l.BrowserStackRunExtension - Adding Browserstack SDK javaagent argline
00:45:03.652 [ApplicationImpl pooled thread 21] INFO  c.b.l.BrowserStackRunExtension - Plugin version: v1.1.6
13:09:03.673 [ApplicationImpl pooled thread 21] INFO  c.b.l.BrowserStackRunExtension - testng
13:09:03.675 [ApplicationImpl pooled thread 21] INFO  com.browserstack.utils.Helpers - true
13:09:03.676 [ApplicationImpl pooled thread 21] INFO  com.browserstack.utils.Helpers - C:/Users/Student/.m2/repository/com/browserstack/browserstack-java-sdk/1.29.3/browserstack-java-sdk-1.29.3.jar
13:09:03.677 [ApplicationImpl pooled thread 21] INFO  c.b.l.BrowserStackRunExtension - Agent path: C:/Users/Student/.m2/repository/com/browserstack/browserstack-java-sdk/1.29.3/browserstack-java-sdk-1.29.3.jar
13:09:03.677 [ApplicationImpl pooled thread 21] INFO  c.b.l.BrowserStackRunExtension - Adding Browserstack SDK javaagent argline
13:09:03.677 [ApplicationImpl pooled thread 21] INFO  c.b.l.BrowserStackRunExtension - Plugin version: v1.1.6
13:16:47.275 [ApplicationImpl pooled thread 33] INFO  c.b.l.BrowserStackRunExtension - testng
13:16:47.276 [ApplicationImpl pooled thread 33] INFO  com.browserstack.utils.Helpers - true
13:16:47.277 [ApplicationImpl pooled thread 33] INFO  com.browserstack.utils.Helpers - C:/Users/Student/.m2/repository/com/browserstack/browserstack-java-sdk/1.29.3/browserstack-java-sdk-1.29.3.jar
13:16:47.277 [ApplicationImpl pooled thread 33] INFO  c.b.l.BrowserStackRunExtension - Agent path: C:/Users/Student/.m2/repository/com/browserstack/browserstack-java-sdk/1.29.3/browserstack-java-sdk-1.29.3.jar
13:16:47.278 [ApplicationImpl pooled thread 33] INFO  c.b.l.BrowserStackRunExtension - Adding Browserstack SDK javaagent argline
13:16:47.278 [ApplicationImpl pooled thread 33] INFO  c.b.l.BrowserStackRunExtension - Plugin version: v1.1.6
13:17:40.415 [ApplicationImpl pooled thread 31] INFO  c.b.l.BrowserStackRunExtension - testng
13:17:40.416 [ApplicationImpl pooled thread 31] INFO  com.browserstack.utils.Helpers - true
13:17:40.417 [ApplicationImpl pooled thread 31] INFO  c.b.l.BrowserStackRunExtension - Agent path: null
13:20:53.859 [ApplicationImpl pooled thread 35] INFO  c.b.l.BrowserStackRunExtension - testng
13:20:53.859 [ApplicationImpl pooled thread 35] INFO  com.browserstack.utils.Helpers - true
13:20:53.860 [ApplicationImpl pooled thread 35] INFO  c.b.l.BrowserStackRunExtension - Agent path: null
13:28:29.221 [ApplicationImpl pooled thread 35] INFO  c.b.l.BrowserStackRunExtension - testng
13:28:29.221 [ApplicationImpl pooled thread 35] INFO  com.browserstack.utils.Helpers - true
13:28:29.222 [ApplicationImpl pooled thread 35] INFO  c.b.l.BrowserStackRunExtension - Agent path: null
13:29:26.106 [ApplicationImpl pooled thread 40] INFO  c.b.l.BrowserStackRunExtension - testng
13:29:26.106 [ApplicationImpl pooled thread 40] INFO  com.browserstack.utils.Helpers - true
13:29:26.107 [ApplicationImpl pooled thread 40] INFO  c.b.l.BrowserStackRunExtension - Agent path: null
13:30:53.883 [ApplicationImpl pooled thread 40] INFO  c.b.l.BrowserStackRunExtension - testng
13:30:53.884 [ApplicationImpl pooled thread 40] INFO  com.browserstack.utils.Helpers - true
13:30:53.885 [ApplicationImpl pooled thread 40] INFO  c.b.l.BrowserStackRunExtension - Agent path: null
13:35:47.787 [ApplicationImpl pooled thread 47] INFO  c.b.l.BrowserStackRunExtension - testng
13:35:47.787 [ApplicationImpl pooled thread 47] INFO  com.browserstack.utils.Helpers - true
13:35:47.788 [ApplicationImpl pooled thread 47] INFO  c.b.l.BrowserStackRunExtension - Agent path: null
14:06:57.958 [ApplicationImpl pooled thread 61] INFO  c.b.l.BrowserStackRunExtension - testng
14:06:57.958 [ApplicationImpl pooled thread 61] INFO  com.browserstack.utils.Helpers - true
14:06:57.959 [ApplicationImpl pooled thread 61] INFO  c.b.l.BrowserStackRunExtension - Agent path: null
14:09:59.555 [ApplicationImpl pooled thread 62] INFO  c.b.l.BrowserStackRunExtension - testng
14:09:59.555 [ApplicationImpl pooled thread 62] INFO  com.browserstack.utils.Helpers - true
14:09:59.556 [ApplicationImpl pooled thread 62] INFO  c.b.l.BrowserStackRunExtension - Agent path: null
14:12:56.893 [ApplicationImpl pooled thread 67] INFO  c.b.l.BrowserStackRunExtension - testng
14:12:56.896 [ApplicationImpl pooled thread 67] INFO  com.browserstack.utils.Helpers - true
14:12:56.897 [ApplicationImpl pooled thread 67] INFO  c.b.l.BrowserStackRunExtension - Agent path: null
14:17:38.449 [ApplicationImpl pooled thread 71] INFO  c.b.l.BrowserStackRunExtension - testng
14:17:38.449 [ApplicationImpl pooled thread 71] INFO  com.browserstack.utils.Helpers - true
14:17:38.450 [ApplicationImpl pooled thread 71] INFO  c.b.l.BrowserStackRunExtension - Agent path: null
14:22:58.626 [ApplicationImpl pooled thread 73] INFO  c.b.l.BrowserStackRunExtension - testng
14:22:58.626 [ApplicationImpl pooled thread 73] INFO  com.browserstack.utils.Helpers - true
14:22:58.627 [ApplicationImpl pooled thread 73] INFO  c.b.l.BrowserStackRunExtension - Agent path: null
14:25:13.543 [ApplicationImpl pooled thread 72] INFO  c.b.l.BrowserStackRunExtension - testng
14:25:13.543 [ApplicationImpl pooled thread 72] INFO  com.browserstack.utils.Helpers - true
14:25:13.544 [ApplicationImpl pooled thread 72] INFO  c.b.l.BrowserStackRunExtension - Agent path: null
14:27:52.276 [ApplicationImpl pooled thread 73] INFO  c.b.l.BrowserStackRunExtension - testng
14:27:52.276 [ApplicationImpl pooled thread 73] INFO  com.browserstack.utils.Helpers - true
14:27:52.277 [ApplicationImpl pooled thread 73] INFO  c.b.l.BrowserStackRunExtension - Agent path: null
14:28:18.551 [ApplicationImpl pooled thread 72] INFO  c.b.l.BrowserStackRunExtension - testng
14:28:18.551 [ApplicationImpl pooled thread 72] INFO  com.browserstack.utils.Helpers - true
14:28:18.553 [ApplicationImpl pooled thread 72] INFO  c.b.l.BrowserStackRunExtension - Agent path: null
14:29:33.034 [ApplicationImpl pooled thread 76] INFO  c.b.l.BrowserStackRunExtension - testng
14:29:33.035 [ApplicationImpl pooled thread 76] INFO  com.browserstack.utils.Helpers - true
14:29:33.037 [ApplicationImpl pooled thread 76] INFO  c.b.l.BrowserStackRunExtension - Agent path: null
14:31:35.613 [ApplicationImpl pooled thread 82] INFO  c.b.l.BrowserStackRunExtension - testng
14:31:35.613 [ApplicationImpl pooled thread 82] INFO  com.browserstack.utils.Helpers - true
14:31:35.614 [ApplicationImpl pooled thread 82] INFO  c.b.l.BrowserStackRunExtension - Agent path: null
14:33:00.085 [ApplicationImpl pooled thread 80] INFO  c.b.l.BrowserStackRunExtension - testng
14:33:00.085 [ApplicationImpl pooled thread 80] INFO  com.browserstack.utils.Helpers - true
14:33:00.086 [ApplicationImpl pooled thread 80] INFO  c.b.l.BrowserStackRunExtension - Agent path: null
15:51:42.564 [ApplicationImpl pooled thread 9] INFO  c.b.l.BrowserStackRunExtension - testng
15:51:42.564 [ApplicationImpl pooled thread 9] INFO  com.browserstack.utils.Helpers - true
15:51:42.564 [ApplicationImpl pooled thread 9] INFO  c.b.l.BrowserStackRunExtension - Agent path: null
15:56:15.050 [ApplicationImpl pooled thread 14] INFO  c.b.l.BrowserStackRunExtension - testng
15:56:15.051 [ApplicationImpl pooled thread 14] INFO  com.browserstack.utils.Helpers - true
15:56:15.051 [ApplicationImpl pooled thread 14] INFO  c.b.l.BrowserStackRunExtension - Agent path: null
15:56:57.297 [ApplicationImpl pooled thread 15] INFO  c.b.l.BrowserStackRunExtension - testng
15:56:57.297 [ApplicationImpl pooled thread 15] INFO  com.browserstack.utils.Helpers - true
15:56:57.298 [ApplicationImpl pooled thread 15] INFO  c.b.l.BrowserStackRunExtension - Agent path: null
16:01:40.755 [ApplicationImpl pooled thread 19] INFO  c.b.l.BrowserStackRunExtension - testng
16:01:40.755 [ApplicationImpl pooled thread 19] INFO  com.browserstack.utils.Helpers - true
16:01:40.756 [ApplicationImpl pooled thread 19] INFO  c.b.l.BrowserStackRunExtension - Agent path: null
16:03:31.936 [ApplicationImpl pooled thread 15] INFO  c.b.l.BrowserStackRunExtension - testng
16:03:31.937 [ApplicationImpl pooled thread 15] INFO  com.browserstack.utils.Helpers - true
16:03:31.938 [ApplicationImpl pooled thread 15] INFO  c.b.l.BrowserStackRunExtension - Agent path: null
16:03:50.696 [ApplicationImpl pooled thread 16] INFO  c.b.l.BrowserStackRunExtension - testng
16:03:50.697 [ApplicationImpl pooled thread 16] INFO  com.browserstack.utils.Helpers - true
16:03:50.714 [ApplicationImpl pooled thread 16] INFO  c.b.l.BrowserStackRunExtension - Agent path: null
16:05:00.494 [ApplicationImpl pooled thread 22] INFO  c.b.l.BrowserStackRunExtension - testng
16:05:00.494 [ApplicationImpl pooled thread 22] INFO  com.browserstack.utils.Helpers - true
16:05:00.494 [ApplicationImpl pooled thread 22] INFO  c.b.l.BrowserStackRunExtension - Agent path: null
16:08:10.102 [ApplicationImpl pooled thread 23] INFO  c.b.l.BrowserStackRunExtension - testng
16:08:10.103 [ApplicationImpl pooled thread 23] INFO  com.browserstack.utils.Helpers - true
16:08:10.105 [ApplicationImpl pooled thread 23] INFO  c.b.l.BrowserStackRunExtension - Agent path: null
16:08:46.059 [ApplicationImpl pooled thread 26] INFO  c.b.l.BrowserStackRunExtension - testng
16:08:46.060 [ApplicationImpl pooled thread 26] INFO  com.browserstack.utils.Helpers - true
16:08:46.060 [ApplicationImpl pooled thread 26] INFO  c.b.l.BrowserStackRunExtension - Agent path: null
16:09:16.217 [ApplicationImpl pooled thread 23] INFO  c.b.l.BrowserStackRunExtension - testng
16:09:16.217 [ApplicationImpl pooled thread 23] INFO  com.browserstack.utils.Helpers - true
16:09:16.218 [ApplicationImpl pooled thread 23] INFO  c.b.l.BrowserStackRunExtension - Agent path: null
16:41:58.982 [ApplicationImpl pooled thread 2] INFO  c.b.l.BrowserStackRunExtension - testng
16:41:58.985 [ApplicationImpl pooled thread 2] INFO  com.browserstack.utils.Helpers - true
16:41:58.986 [ApplicationImpl pooled thread 2] INFO  c.b.l.BrowserStackRunExtension - Agent path: null
18:45:20.405 [ApplicationImpl pooled thread 26] INFO  c.b.l.BrowserStackRunExtension - testng
18:45:20.406 [ApplicationImpl pooled thread 26] INFO  com.browserstack.utils.Helpers - true
18:45:20.407 [ApplicationImpl pooled thread 26] INFO  c.b.l.BrowserStackRunExtension - Agent path: null
18:47:11.049 [ApplicationImpl pooled thread 23] INFO  c.b.l.BrowserStackRunExtension - testng
18:47:11.049 [ApplicationImpl pooled thread 23] INFO  com.browserstack.utils.Helpers - true
18:47:11.050 [ApplicationImpl pooled thread 23] INFO  c.b.l.BrowserStackRunExtension - Agent path: null
18:58:07.962 [ApplicationImpl pooled thread 37] INFO  c.b.l.BrowserStackRunExtension - testng
18:58:07.962 [ApplicationImpl pooled thread 37] INFO  com.browserstack.utils.Helpers - true
18:58:07.963 [ApplicationImpl pooled thread 37] INFO  com.browserstack.utils.Helpers - C:/Users/Student/.m2/repository/com/browserstack/browserstack-java-sdk/1.29.3/browserstack-java-sdk-1.29.3.jar
18:58:07.963 [ApplicationImpl pooled thread 37] INFO  c.b.l.BrowserStackRunExtension - Agent path: C:/Users/Student/.m2/repository/com/browserstack/browserstack-java-sdk/1.29.3/browserstack-java-sdk-1.29.3.jar
18:58:07.963 [ApplicationImpl pooled thread 37] INFO  c.b.l.BrowserStackRunExtension - Adding Browserstack SDK javaagent argline
18:58:07.963 [ApplicationImpl pooled thread 37] INFO  c.b.l.BrowserStackRunExtension - Plugin version: v1.1.6
18:58:15.284 [ApplicationImpl pooled thread 37] INFO  c.b.l.BrowserStackRunExtension - testng
18:58:15.285 [ApplicationImpl pooled thread 37] INFO  com.browserstack.utils.Helpers - true
18:58:15.286 [ApplicationImpl pooled thread 37] INFO  com.browserstack.utils.Helpers - C:/Users/Student/.m2/repository/com/browserstack/browserstack-java-sdk/1.29.3/browserstack-java-sdk-1.29.3.jar
18:58:15.287 [ApplicationImpl pooled thread 37] INFO  c.b.l.BrowserStackRunExtension - Agent path: C:/Users/Student/.m2/repository/com/browserstack/browserstack-java-sdk/1.29.3/browserstack-java-sdk-1.29.3.jar
18:58:15.287 [ApplicationImpl pooled thread 37] INFO  c.b.l.BrowserStackRunExtension - Adding Browserstack SDK javaagent argline
18:58:15.287 [ApplicationImpl pooled thread 37] INFO  c.b.l.BrowserStackRunExtension - Plugin version: v1.1.6
19:07:29.524 [ApplicationImpl pooled thread 44] INFO  c.b.l.BrowserStackRunExtension - testng
19:07:29.524 [ApplicationImpl pooled thread 44] INFO  com.browserstack.utils.Helpers - true
19:07:29.525 [ApplicationImpl pooled thread 44] INFO  com.browserstack.utils.Helpers - C:/Users/Student/.m2/repository/com/browserstack/browserstack-java-sdk/1.29.3/browserstack-java-sdk-1.29.3.jar
19:07:29.525 [ApplicationImpl pooled thread 44] INFO  c.b.l.BrowserStackRunExtension - Agent path: C:/Users/Student/.m2/repository/com/browserstack/browserstack-java-sdk/1.29.3/browserstack-java-sdk-1.29.3.jar
19:07:29.525 [ApplicationImpl pooled thread 44] INFO  c.b.l.BrowserStackRunExtension - Adding Browserstack SDK javaagent argline
19:07:29.525 [ApplicationImpl pooled thread 44] INFO  c.b.l.BrowserStackRunExtension - Plugin version: v1.1.6
19:31:32.488 [ApplicationImpl pooled thread 57] INFO  c.b.l.BrowserStackRunExtension - testng
19:31:32.488 [ApplicationImpl pooled thread 57] INFO  com.browserstack.utils.Helpers - true
19:31:32.489 [ApplicationImpl pooled thread 57] INFO  c.b.l.BrowserStackRunExtension - Agent path: null
19:32:48.735 [ApplicationImpl pooled thread 58] INFO  c.b.l.BrowserStackRunExtension - testng
19:32:48.735 [ApplicationImpl pooled thread 58] INFO  com.browserstack.utils.Helpers - true
19:32:48.736 [ApplicationImpl pooled thread 58] INFO  c.b.l.BrowserStackRunExtension - Agent path: null
19:33:40.275 [ApplicationImpl pooled thread 58] INFO  c.b.l.BrowserStackRunExtension - testng
19:33:40.275 [ApplicationImpl pooled thread 58] INFO  com.browserstack.utils.Helpers - true
19:33:40.276 [ApplicationImpl pooled thread 58] INFO  c.b.l.BrowserStackRunExtension - Agent path: null
19:34:09.750 [ApplicationImpl pooled thread 60] INFO  c.b.l.BrowserStackRunExtension - testng
19:34:09.750 [ApplicationImpl pooled thread 60] INFO  com.browserstack.utils.Helpers - true
19:34:09.752 [ApplicationImpl pooled thread 60] INFO  c.b.l.BrowserStackRunExtension - Agent path: null
19:34:28.785 [ApplicationImpl pooled thread 58] INFO  c.b.l.BrowserStackRunExtension - testng
19:34:28.785 [ApplicationImpl pooled thread 58] INFO  com.browserstack.utils.Helpers - true
19:34:28.786 [ApplicationImpl pooled thread 58] INFO  c.b.l.BrowserStackRunExtension - Agent path: null
19:35:33.185 [ApplicationImpl pooled thread 58] INFO  c.b.l.BrowserStackRunExtension - testng
19:35:33.185 [ApplicationImpl pooled thread 58] INFO  com.browserstack.utils.Helpers - true
19:35:33.186 [ApplicationImpl pooled thread 58] INFO  c.b.l.BrowserStackRunExtension - Agent path: null
19:38:02.759 [ApplicationImpl pooled thread 62] INFO  c.b.l.BrowserStackRunExtension - testng
19:38:02.759 [ApplicationImpl pooled thread 62] INFO  com.browserstack.utils.Helpers - true
19:38:02.759 [ApplicationImpl pooled thread 62] INFO  c.b.l.BrowserStackRunExtension - Agent path: null
19:41:57.726 [ApplicationImpl pooled thread 57] INFO  c.b.l.BrowserStackRunExtension - testng
19:41:57.726 [ApplicationImpl pooled thread 57] INFO  com.browserstack.utils.Helpers - true
19:41:57.727 [ApplicationImpl pooled thread 57] INFO  c.b.l.BrowserStackRunExtension - Agent path: null
00:19:39.164 [ApplicationImpl pooled thread 5] INFO  c.b.l.BrowserStackRunExtension - testng
00:19:39.166 [ApplicationImpl pooled thread 5] INFO  com.browserstack.utils.Helpers - true
00:19:39.166 [ApplicationImpl pooled thread 5] INFO  c.b.l.BrowserStackRunExtension - Agent path: null
00:23:43.723 [ApplicationImpl pooled thread 15] INFO  c.b.l.BrowserStackRunExtension - testng
00:23:43.723 [ApplicationImpl pooled thread 15] INFO  com.browserstack.utils.Helpers - true
00:23:43.724 [ApplicationImpl pooled thread 15] INFO  c.b.l.BrowserStackRunExtension - Agent path: null
23:28:34.798 [ApplicationImpl pooled thread 14] INFO  c.b.l.BrowserStackRunExtension - testng
23:28:34.800 [ApplicationImpl pooled thread 14] INFO  com.browserstack.utils.Helpers - true
23:28:34.802 [ApplicationImpl pooled thread 14] INFO  c.b.l.BrowserStackRunExtension - Agent path: null
23:31:29.950 [ApplicationImpl pooled thread 15] INFO  c.b.l.BrowserStackRunExtension - testng
23:31:29.950 [ApplicationImpl pooled thread 15] INFO  com.browserstack.utils.Helpers - true
23:31:29.950 [ApplicationImpl pooled thread 15] INFO  com.browserstack.utils.Helpers - C:/Users/Student/.m2/repository/com/browserstack/browserstack-java-sdk/1.29.3/browserstack-java-sdk-1.29.3.jar
23:31:29.950 [ApplicationImpl pooled thread 15] INFO  c.b.l.BrowserStackRunExtension - Agent path: C:/Users/Student/.m2/repository/com/browserstack/browserstack-java-sdk/1.29.3/browserstack-java-sdk-1.29.3.jar
23:31:29.951 [ApplicationImpl pooled thread 15] INFO  c.b.l.BrowserStackRunExtension - Adding Browserstack SDK javaagent argline
23:31:29.951 [ApplicationImpl pooled thread 15] INFO  c.b.l.BrowserStackRunExtension - Plugin version: v1.1.6
23:39:27.219 [ApplicationImpl pooled thread 24] INFO  c.b.l.BrowserStackRunExtension - testng
23:39:27.219 [ApplicationImpl pooled thread 24] INFO  com.browserstack.utils.Helpers - true
23:39:27.220 [ApplicationImpl pooled thread 24] INFO  com.browserstack.utils.Helpers - C:/Users/Student/.m2/repository/com/browserstack/browserstack-java-sdk/1.29.3/browserstack-java-sdk-1.29.3.jar
23:39:27.220 [ApplicationImpl pooled thread 24] INFO  c.b.l.BrowserStackRunExtension - Agent path: C:/Users/Student/.m2/repository/com/browserstack/browserstack-java-sdk/1.29.3/browserstack-java-sdk-1.29.3.jar
23:39:27.220 [ApplicationImpl pooled thread 24] INFO  c.b.l.BrowserStackRunExtension - Adding Browserstack SDK javaagent argline
23:39:27.220 [ApplicationImpl pooled thread 24] INFO  c.b.l.BrowserStackRunExtension - Plugin version: v1.1.6
23:40:14.722 [ApplicationImpl pooled thread 24] INFO  c.b.l.BrowserStackRunExtension - testng
23:40:14.723 [ApplicationImpl pooled thread 24] INFO  com.browserstack.utils.Helpers - true
23:40:14.723 [ApplicationImpl pooled thread 24] INFO  c.b.l.BrowserStackRunExtension - Agent path: null
23:43:02.346 [ApplicationImpl pooled thread 27] INFO  c.b.l.BrowserStackRunExtension - testng
23:43:02.347 [ApplicationImpl pooled thread 27] INFO  com.browserstack.utils.Helpers - true
23:43:02.347 [ApplicationImpl pooled thread 27] INFO  c.b.l.BrowserStackRunExtension - Agent path: null
23:45:32.211 [ApplicationImpl pooled thread 26] INFO  c.b.l.BrowserStackRunExtension - testng
23:45:32.212 [ApplicationImpl pooled thread 26] INFO  com.browserstack.utils.Helpers - true
23:45:32.212 [ApplicationImpl pooled thread 26] INFO  c.b.l.BrowserStackRunExtension - Agent path: null
23:48:40.649 [ApplicationImpl pooled thread 25] INFO  c.b.l.BrowserStackRunExtension - testng
23:48:40.649 [ApplicationImpl pooled thread 25] INFO  com.browserstack.utils.Helpers - true
23:48:40.650 [ApplicationImpl pooled thread 25] INFO  c.b.l.BrowserStackRunExtension - Agent path: null
